Keyboard/CustKey/app/build/intermediates/manifest_merge_blame_file/debug/manifest-merger-blame-debug-report.txt
1<?xml version="1.0" encoding="utf-8"?>
2<manifest xmlns:android="http://schemas.android.com/apk/res/android"
3    package="com.capstone.custkey"
4    android:versionCode="1"
5    android:versionName="1.0" >
6
7    <uses-sdk
8        android:minSdkVersion="16"
8-->src\main\AndroidManifest.xml
9        android:targetSdkVersion="30" />
9-->src\main\AndroidManifest.xml
10
11    <application
11-->src\main\AndroidManifest.xml:6:5-26:19
12        android:appComponentFactory="androidx.core.app.CoreComponentFactory"
12-->[androidx.core:core:1.3.0] AndroidManifest.xml:24:18-86
13        android:debuggable="true"
14        android:testOnly="true" >
15        android:allowBackup="true"
16        android:icon="@mipmap/ic_launcher"
17        android:label="@string/app_name"
18        android:roundIcon="@mipmap/ic_launcher_round"
19        android:supportsRtl="true"
20        android:theme="@style/Theme.CustKey" />
21        <service
21-->src\main\AndroidManifest.xml:15:9-24:19
22            android:name="com.capstone.custkey.CustKeyIME"
22-->src\main\AndroidManifest.xml:16:13-39
23            android:label="CustomKeyboard"
23-->src\main\AndroidManifest.xml:17:13-43
24            android:permission="android.permission.BIND_INPUT_METHOD" >
24-->src\main\AndroidManifest.xml:18:13-70
25            <meta-data
25-->src\main\AndroidManifest.xml:20:13-87
26                android:name="android.view.im"
26-->src\main\AndroidManifest.xml:20:24-54
27                android:resource="@xml/method" />
27-->src\main\AndroidManifest.xml:20:55-85
28
29            <intent-filter>
29-->src\main\AndroidManifest.xml:21:13-23:29
30                <action android:name="android.view.InputMethod" />
30-->src\main\AndroidManifest.xml:22:17-67
30-->src\main\AndroidManifest.xml:22:25-64
31            </intent-filter>
32        </service>
33    </application>
34
35</manifest>